2025-04-11T09:44:20.621Z - GET / - Status: 200
2025-04-11T09:44:20.634Z - GET /public/style.css - Status: 200
2025-04-11T09:44:20.635Z - GET /public/script.js - Status: 200
2025-04-11T09:44:20.642Z - GET /api/notes - Status: 200
2025-04-11T09:44:41.583Z - POST /api/notes - Status: 201
2025-04-11T09:44:41.587Z - GET /api/notes - Status: 200
2025-04-11T09:44:53.737Z - GET /api/notes/1744328036244 - Status: 200
2025-04-11T09:45:02.262Z - PUT /api/notes/1744328036244 - Status: 200
2025-04-11T09:45:02.267Z - GET /api/notes - Status: 200
2025-04-11T09:45:06.679Z - GET /api/notes/1744328036244 - Status: 200
2025-04-11T09:49:16.538Z - GET / - Status: 200
2025-04-11T09:49:16.553Z - GET /public/style.css - Status: 200
2025-04-11T09:49:16.554Z - GET /public/script.js - Status: 200
2025-04-11T09:49:16.562Z - GET /api/notes - Status: 200
2025-04-11T09:49:18.776Z - GET /api/notes/1744328036244 - Status: 200
2025-04-11T09:49:38.236Z - GET /api/notes/1744328036244 - Status: 200
2025-04-11T09:49:40.151Z - PUT /api/notes/1744328036244 - Status: 200
2025-04-11T09:49:40.155Z - GET /api/notes - Status: 200
2025-04-11T09:50:58.148Z - GET / - Status: 200
2025-04-11T09:50:58.160Z - GET /public/style.css - Status: 200
2025-04-11T09:50:58.161Z - GET /public/script.js - Status: 200
2025-04-11T09:50:58.170Z - GET /api/notes - Status: 200
2025-04-11T09:51:03.879Z - DELETE /api/notes/1744328036244 - Status: 204
2025-04-11T09:51:03.883Z - GET /api/notes - Status: 200
2025-04-11T09:51:10.082Z - GET /api/notes/1744358861213 - Status: 200
2025-04-11T09:51:15.950Z - GET /api/notes/1744358861213 - Status: 200
2025-04-11T09:51:31.490Z - DELETE /api/notes/1744332911167 - Status: 204
2025-04-11T09:51:31.495Z - GET /api/notes - Status: 200
2025-04-11T09:51:38.606Z - GET /api/notes/1744364681584 - Status: 200
2025-04-11T09:51:41.934Z - DELETE /api/notes/1744364681584 - Status: 204
2025-04-11T09:51:41.938Z - GET /api/notes - Status: 200
2025-04-11T10:03:27.861Z - GET / - Status: 200
2025-04-11T10:03:27.873Z - GET /public/style.css - Status: 200
2025-04-11T10:03:27.874Z - GET /public/script.js - Status: 200
2025-04-11T10:03:27.886Z - GET /api/notes - Status: 200
2025-04-11T10:03:51.648Z - POST /api/notes - Status: 400
2025-04-11T10:04:07.301Z - POST /api/notes - Status: 201
2025-04-11T10:04:07.306Z - GET /api/notes - Status: 200
2025-04-11T10:05:04.552Z - POST /api/notes - Status: 201
2025-04-11T10:05:27.588Z - POST /api/notes - Status: 400
2025-04-11T10:06:01.516Z - POST /api/notes - Status: 400
2025-04-11T10:07:19.174Z - POST /api/notes - Status: 400
2025-04-11T10:08:22.540Z - POST /api/notes - Status: 400
2025-04-11T10:08:25.942Z - GET / - Status: 200
2025-04-11T10:08:25.951Z - GET /public/style.css - Status: 200
2025-04-11T10:08:25.952Z - GET /public/script.js - Status: 200
2025-04-11T10:08:25.961Z - GET /api/notes - Status: 200
2025-04-11T10:09:14.561Z - GET / - Status: 200
2025-04-11T10:09:14.576Z - GET /public/style.css - Status: 200
2025-04-11T10:09:14.577Z - GET /public/script.js - Status: 200
2025-04-11T10:09:14.585Z - GET /api/notes - Status: 200
2025-04-11T10:09:20.149Z - POST /api/notes - Status: 400
2025-04-11T10:09:32.715Z - GET /api/notes/1744365904557 - Status: 200
2025-04-11T10:09:46.337Z - PUT /api/notes/1744365904557 - Status: 400
2025-04-11T10:10:40.993Z - PUT /api/notes/1744365904557 - Status: 400
2025-04-11T10:11:20.996Z - GET / - Status: 200
2025-04-11T10:11:21.010Z - GET /public/style.css - Status: 200
2025-04-11T10:11:21.010Z - GET /public/script.js - Status: 200
2025-04-11T10:11:21.017Z - GET /api/notes - Status: 200
2025-04-11T10:11:24.169Z - GET /api/notes/1744365904557 - Status: 200
2025-04-11T10:11:41.241Z - PUT /api/notes/1744365904557 - Status: 400
2025-04-11T10:11:49.467Z - PUT /api/notes/1744365904557 - Status: 400
2025-04-11T10:12:34.767Z - PUT /api/notes/1744365904557 - Status: 400
2025-04-11T10:12:40.514Z - PUT /api/notes/1744365904557 - Status: 400
2025-04-11T10:12:51.021Z - GET / - Status: 200
2025-04-11T10:12:51.034Z - GET /public/style.css - Status: 200
2025-04-11T10:12:51.034Z - GET /public/script.js - Status: 200
2025-04-11T10:12:51.043Z - GET /api/notes - Status: 200
2025-04-11T10:12:54.340Z - GET /api/notes/1744365904557 - Status: 200
2025-04-11T10:13:00.128Z - PUT /api/notes/1744365904557 - Status: 400
2025-04-11T10:13:12.186Z - GET / - Status: 200
2025-04-11T10:13:12.202Z - GET /public/style.css - Status: 200
2025-04-11T10:13:12.203Z - GET /public/script.js - Status: 200
2025-04-11T10:13:12.214Z - GET /api/notes - Status: 200
2025-04-11T10:13:15.461Z - GET /api/notes/1744365904557 - Status: 200
2025-04-11T10:13:21.379Z - PUT /api/notes/1744365904557 - Status: 400
2025-04-11T10:13:46.346Z - GET / - Status: 200
2025-04-11T10:13:46.359Z - GET /public/style.css - Status: 200
2025-04-11T10:13:46.360Z - GET /public/script.js - Status: 200
2025-04-11T10:13:46.367Z - GET /api/notes - Status: 200
2025-04-11T10:13:48.505Z - GET /api/notes/1744365904557 - Status: 200
2025-04-11T10:13:54.083Z - PUT /api/notes/1744365904557 - Status: 400
2025-04-11T10:15:12.404Z - GET / - Status: 200
2025-04-11T10:15:12.420Z - GET /public/style.css - Status: 200
2025-04-11T10:15:12.421Z - GET /public/script.js - Status: 200
2025-04-11T10:15:12.429Z - GET /api/notes - Status: 200
2025-04-11T10:15:26.411Z - POST /api/notes - Status: 201
2025-04-11T10:15:26.415Z - GET /api/notes - Status: 200
2025-04-11T10:15:31.466Z - GET /api/notes/1744366526413 - Status: 200
2025-04-11T10:15:36.144Z - PUT /api/notes/1744366526413 - Status: 200
2025-04-11T10:15:36.148Z - GET /api/notes - Status: 200
2025-04-11T10:15:46.388Z - GET /api/notes/1744366526413 - Status: 200
2025-04-11T10:18:21.584Z - POST /api/notes - Status: 400
2025-04-11T10:19:38.789Z - GET / - Status: 200
2025-04-11T10:19:38.804Z - GET /public/script.js - Status: 200
2025-04-11T10:19:38.803Z - GET /public/style.css - Status: 200
2025-04-11T10:19:38.808Z - GET /api/notes - Status: 200
2025-04-11T10:19:43.384Z - POST /api/notes - Status: 400
2025-04-11T10:20:56.521Z - GET / - Status: 200
2025-04-11T10:20:56.534Z - GET /public/style.css - Status: 200
2025-04-11T10:20:56.535Z - GET /public/script.js - Status: 200
2025-04-11T10:20:56.539Z - GET /api/notes - Status: 200
2025-04-11T10:21:00.593Z - POST /api/notes - Status: 400
2025-04-11T10:21:23.006Z - GET / - Status: 200
2025-04-11T10:21:23.018Z - GET /public/script.js - Status: 200
2025-04-11T10:21:23.017Z - GET /public/style.css - Status: 200
2025-04-11T10:21:23.022Z - GET /api/notes - Status: 200
2025-04-11T10:21:27.032Z - POST /api/notes - Status: 400
2025-04-11T10:22:00.716Z - GET / - Status: 200
2025-04-11T10:22:00.727Z - GET /public/style.css - Status: 200
2025-04-11T10:22:00.728Z - GET /public/script.js - Status: 200
2025-04-11T10:22:00.733Z - GET /api/notes - Status: 200
2025-04-11T10:22:04.720Z - POST /api/notes - Status: 400
2025-04-11T10:22:05.940Z - POST /api/notes - Status: 400
2025-04-11T10:22:06.530Z - POST /api/notes - Status: 400
2025-04-11T10:22:06.756Z - POST /api/notes - Status: 400
2025-04-11T10:22:06.967Z - POST /api/notes - Status: 400
2025-04-11T10:22:07.186Z - POST /api/notes - Status: 400
2025-04-11T10:22:07.403Z - POST /api/notes - Status: 400
2025-04-11T10:22:07.833Z - POST /api/notes - Status: 400
2025-04-11T10:24:26.655Z - GET / - Status: 200
2025-04-11T10:24:26.667Z - GET /public/style.css - Status: 200
2025-04-11T10:24:26.668Z - GET /public/script.js - Status: 200
2025-04-11T10:24:26.672Z - GET /api/notes - Status: 200
2025-04-11T10:24:50.616Z - GET / - Status: 200
2025-04-11T10:24:50.628Z - GET /public/style.css - Status: 200
2025-04-11T10:24:50.629Z - GET /public/script.js - Status: 200
2025-04-11T10:24:50.633Z - GET /api/notes - Status: 200
2025-04-11T10:25:23.018Z - GET / - Status: 200
2025-04-11T10:25:23.031Z - GET /public/style.css - Status: 200
2025-04-11T10:25:23.031Z - GET /public/script.js - Status: 200
2025-04-11T10:25:23.036Z - GET /api/notes - Status: 200
2025-04-11T10:25:26.935Z - POST /api/notes - Status: 400
2025-04-11T10:30:31.882Z - GET / - Status: 200
2025-04-11T10:30:31.893Z - GET /public/style.css - Status: 200
2025-04-11T10:30:31.894Z - GET /public/script.js - Status: 200
2025-04-11T10:30:31.898Z - GET /api/notes - Status: 200
2025-04-11T10:30:32.825Z - GET / - Status: 200
2025-04-11T10:30:32.831Z - GET /public/style.css - Status: 200
2025-04-11T10:30:32.832Z - GET /public/script.js - Status: 200
2025-04-11T10:30:32.838Z - GET /api/notes - Status: 200
2025-04-11T10:30:38.880Z - GET /public/style.css - Status: 200
2025-04-11T10:30:43.630Z - GET / - Status: 200
2025-04-11T10:30:43.639Z - GET /public/style.css - Status: 200
2025-04-11T10:30:43.640Z - GET /public/script.js - Status: 200
2025-04-11T10:30:43.647Z - GET /api/notes - Status: 200
2025-04-11T10:31:00.109Z - POST /api/notes - Status: 400
2025-04-11T10:31:03.603Z - POST /api/notes - Status: 400
2025-04-11T10:31:11.833Z - POST /api/notes - Status: 201
2025-04-11T10:31:11.836Z - GET /api/notes - Status: 200
2025-04-11T10:31:18.902Z - GET /api/notes/1744328048909 - Status: 200
2025-04-11T10:31:24.584Z - PUT /api/notes/1744328048909 - Status: 200
2025-04-11T10:31:24.589Z - GET /api/notes - Status: 200
2025-04-11T10:31:33.376Z - GET /api/notes/1744328048909 - Status: 200
2025-04-11T10:31:37.771Z - DELETE /api/notes/1744328048909 - Status: 204
2025-04-11T10:31:37.775Z - GET /api/notes - Status: 200
2025-04-11T10:37:30.976Z - POST /api/notes - Status: 201
2025-04-11T10:37:40.864Z - GET /api/notes/1744367850981 - Status: 200
2025-04-11T10:37:45.142Z - GET /api/notes/ - Status: 404
2025-04-11T11:57:38.660Z - GET / - Status: 200
2025-04-11T11:57:38.672Z - GET /public/style.css - Status: 200
2025-04-11T11:57:38.673Z - GET /public/script.js - Status: 200
2025-04-11T11:57:38.679Z - GET /api/notes - Status: 200
